<?xml version="1.0" encoding="UTF-8"?>
<!-- Generated by org.testng.reporters.JUnitReportReporter -->
<testsuite skipped="0" hostname="LAPTOP-LTGEUHAH" name="extentrep.reportexample" tests="2" failures="0" timestamp="2021-06-27T10:21:29 IST" time="1.704" errors="0">
  <testcase name="openbing" time="0.632" classname="extentrep.reportexample"/>
  <system-out/>
  <testcase name="opengoogle" time="1.072" classname="extentrep.reportexample"/>
  <system-out/>
</testsuite> <!-- extentrep.reportexample -->
